current directory: C:/Ruby25-x64/lib/ruby/gems/2.5.0/gems/ruby-prof-0.17.0/ext/ruby_prof
C:/Ruby25-x64/bin/ruby.exe -I C:/Ruby25-x64/lib/ruby/site_ruby/2.5.0 -r ./siteconf20190429-29796-zycuks.rb extconf.rb
checking for rb_gc_stat()... yes
checking for rb_gc_count()... yes
checking for rb_remove_event_hook_with_data()... yes
checking for rb_os_allocated_objects()... no
checking for rb_gc_allocated_size()... no
checking for rb_gc_collections()... no
checking for rb_gc_time()... no
checking for rb_gc_total_time()... no
checking for rb_gc_total_mallocs()... no
checking for rb_gc_total_malloced_bytes()... no
checking for rb_heap_total_mem()... no
checking for rb_gc_heap_info()... no
creating Makefile

current directory: C:/Ruby25-x64/lib/ruby/gems/2.5.0/gems/ruby-prof-0.17.0/ext/ruby_prof
make "DESTDIR=" clean

current directory: C:/Ruby25-x64/lib/ruby/gems/2.5.0/gems/ruby-prof-0.17.0/ext/ruby_prof
make "DESTDIR="
generating ruby_prof-x64-mingw32.def
compiling rp_call_info.c
compiling rp_measure.c
compiling rp_measure_allocations.c
compiling rp_measure_cpu_time.c
compiling rp_measure_gc_runs.c
compiling rp_measure_gc_time.c
compiling rp_measure_memory.c
compiling rp_measure_process_time.c
compiling rp_measure_wall_time.c
compiling rp_method.c
compiling rp_stack.c
compiling rp_thread.c
compiling ruby_prof.c
ruby_prof.c: In function 'prof_event_hook':
ruby_prof.c:209:9: warning: 'rb_frame_method_id_and_class' is deprecated [-Wdeprecated-declarations]
         rb_frame_method_id_and_class(&mid, &klass);
         ^~~~~~~~~~~~~~~~~~~~~~~~~~~~
In file included from C:/Ruby25-x64/include/ruby-2.5.0/ruby/ruby.h:24,
                 from C:/Ruby25-x64/include/ruby-2.5.0/ruby.h:33,
                 from ruby_prof.h:7,
                 from ruby_prof.c:26:
C:/Ruby25-x64/include/ruby-2.5.0/ruby/backward.h:53:16: note: declared here
 DEPRECATED(int rb_frame_method_id_and_class(ID *idp, VALUE *klassp));
                ^~~~~~~~~~~~~~~~~~~~~~~~~~~~
C:/Ruby25-x64/include/ruby-2.5.0/x64-mingw32/ruby/config.h:118:56: note: in definition of macro 'DEPRECATED'
 #define DEPRECATED(x) __attribute__ ((__deprecated__)) x
                                                        ^
linking shared-object ruby_prof.so

current directory: C:/Ruby25-x64/lib/ruby/gems/2.5.0/gems/ruby-prof-0.17.0/ext/ruby_prof
make "DESTDIR=" install
/usr/bin/install -c -m 0755 ruby_prof.so ./.gem.20190429-29796-kce0km
