have_func: checking for rb_gc_stat()... -------------------- yes

"x86_64-w64-mingw32-gcc -o conftest.exe -IC:/Ruby22-x64/include/ruby-2.2.0/x64-mingw32 -IC:/Ruby22-x64/include/ruby-2.2.0/ruby/backward -IC:/Ruby22-x64/include/ruby-2.2.0 -I. -DFD_SETSIZE=2048 -D_WIN32_WINNT=0x0501 -D__MINGW_USE_VC2005_COMPAT -D_FILE_OFFSET_BITS=64   -O3 -fno-omit-frame-pointer -fno-fast-math -g -Wall -Wextra -Wno-unused-parameter -Wno-parentheses -Wno-long-long -Wno-missing-field-initializers -Wunused-variable -Wpointer-arith -Wwrite-strings -Wdeclaration-after-statement -Wimplicit-function-declaration -Wdeprecated-declarations -Wno-packed-bitfield-compat conftest.c  -L. -LC:/Ruby22-x64/lib -L.      -lx64-msvcrt-ruby220  -lshell32 -lws2_32 -liphlpapi -limagehlp -lshlwapi  "
checked program was:
/* begin */
1: #include "ruby.h"
2: 
3: #include <winsock2.h>
4: #include <windows.h>
5: int main(int argc, char **argv)
6: {
7:   return 0;
8: }
/* end */

"x86_64-w64-mingw32-gcc -o conftest.exe -IC:/Ruby22-x64/include/ruby-2.2.0/x64-mingw32 -IC:/Ruby22-x64/include/ruby-2.2.0/ruby/backward -IC:/Ruby22-x64/include/ruby-2.2.0 -I. -DFD_SETSIZE=2048 -D_WIN32_WINNT=0x0501 -D__MINGW_USE_VC2005_COMPAT -D_FILE_OFFSET_BITS=64   -O3 -fno-omit-frame-pointer -fno-fast-math -g -Wall -Wextra -Wno-unused-parameter -Wno-parentheses -Wno-long-long -Wno-missing-field-initializers -Wunused-variable -Wpointer-arith -Wwrite-strings -Wdeclaration-after-statement -Wimplicit-function-declaration -Wdeprecated-declarations -Wno-packed-bitfield-compat conftest.c  -L. -LC:/Ruby22-x64/lib -L.      -lx64-msvcrt-ruby220  -lshell32 -lws2_32 -liphlpapi -limagehlp -lshlwapi  "
conftest.c: In function 't':
conftest.c:16:32: warning: variable 'p' set but not used [-Wunused-but-set-variable]
checked program was:
/* begin */
 1: #include "ruby.h"
 2: 
 3: #include <winsock2.h>
 4: #include <windows.h>
 5: 
 6: /*top*/
 7: extern int t(void);
 8: int main(int argc, char **argv)
 9: {
10:   if (argc > 1000000) {
11:     printf("%p", &t);
12:   }
13: 
14:   return 0;
15: }
16: int t(void) { void ((*volatile p)()); p = (void ((*)()))rb_gc_stat; return 0; }
/* end */

--------------------

have_func: checking for rb_gc_count()... -------------------- yes

"x86_64-w64-mingw32-gcc -o conftest.exe -IC:/Ruby22-x64/include/ruby-2.2.0/x64-mingw32 -IC:/Ruby22-x64/include/ruby-2.2.0/ruby/backward -IC:/Ruby22-x64/include/ruby-2.2.0 -I. -DFD_SETSIZE=2048 -D_WIN32_WINNT=0x0501 -D__MINGW_USE_VC2005_COMPAT -D_FILE_OFFSET_BITS=64   -O3 -fno-omit-frame-pointer -fno-fast-math -g -Wall -Wextra -Wno-unused-parameter -Wno-parentheses -Wno-long-long -Wno-missing-field-initializers -Wunused-variable -Wpointer-arith -Wwrite-strings -Wdeclaration-after-statement -Wimplicit-function-declaration -Wdeprecated-declarations -Wno-packed-bitfield-compat conftest.c  -L. -LC:/Ruby22-x64/lib -L.      -lx64-msvcrt-ruby220  -lshell32 -lws2_32 -liphlpapi -limagehlp -lshlwapi  "
conftest.c: In function 't':
conftest.c:16:32: warning: variable 'p' set but not used [-Wunused-but-set-variable]
checked program was:
/* begin */
 1: #include "ruby.h"
 2: 
 3: #include <winsock2.h>
 4: #include <windows.h>
 5: 
 6: /*top*/
 7: extern int t(void);
 8: int main(int argc, char **argv)
 9: {
10:   if (argc > 1000000) {
11:     printf("%p", &t);
12:   }
13: 
14:   return 0;
15: }
16: int t(void) { void ((*volatile p)()); p = (void ((*)()))rb_gc_count; return 0; }
/* end */

--------------------

have_func: checking for rb_os_allocated_objects()... -------------------- no

"x86_64-w64-mingw32-gcc -o conftest.exe -IC:/Ruby22-x64/include/ruby-2.2.0/x64-mingw32 -IC:/Ruby22-x64/include/ruby-2.2.0/ruby/backward -IC:/Ruby22-x64/include/ruby-2.2.0 -I. -DFD_SETSIZE=2048 -D_WIN32_WINNT=0x0501 -D__MINGW_USE_VC2005_COMPAT -D_FILE_OFFSET_BITS=64   -O3 -fno-omit-frame-pointer -fno-fast-math -g -Wall -Wextra -Wno-unused-parameter -Wno-parentheses -Wno-long-long -Wno-missing-field-initializers -Wunused-variable -Wpointer-arith -Wwrite-strings -Wdeclaration-after-statement -Wimplicit-function-declaration -Wdeprecated-declarations -Wno-packed-bitfield-compat conftest.c  -L. -LC:/Ruby22-x64/lib -L.      -lx64-msvcrt-ruby220  -lshell32 -lws2_32 -liphlpapi -limagehlp -lshlwapi  "
conftest.c: In function 't':
conftest.c:16:57: error: 'rb_os_allocated_objects' undeclared (first use in this function)
conftest.c:16:57: note: each undeclared identifier is reported only once for each function it appears in
conftest.c:16:32: warning: variable 'p' set but not used [-Wunused-but-set-variable]
checked program was:
/* begin */
 1: #include "ruby.h"
 2: 
 3: #include <winsock2.h>
 4: #include <windows.h>
 5: 
 6: /*top*/
 7: extern int t(void);
 8: int main(int argc, char **argv)
 9: {
10:   if (argc > 1000000) {
11:     printf("%p", &t);
12:   }
13: 
14:   return 0;
15: }
16: int t(void) { void ((*volatile p)()); p = (void ((*)()))rb_os_allocated_objects; return 0; }
/* end */

"x86_64-w64-mingw32-gcc -o conftest.exe -IC:/Ruby22-x64/include/ruby-2.2.0/x64-mingw32 -IC:/Ruby22-x64/include/ruby-2.2.0/ruby/backward -IC:/Ruby22-x64/include/ruby-2.2.0 -I. -DFD_SETSIZE=2048 -D_WIN32_WINNT=0x0501 -D__MINGW_USE_VC2005_COMPAT -D_FILE_OFFSET_BITS=64   -O3 -fno-omit-frame-pointer -fno-fast-math -g -Wall -Wextra -Wno-unused-parameter -Wno-parentheses -Wno-long-long -Wno-missing-field-initializers -Wunused-variable -Wpointer-arith -Wwrite-strings -Wdeclaration-after-statement -Wimplicit-function-declaration -Wdeprecated-declarations -Wno-packed-bitfield-compat conftest.c  -L. -LC:/Ruby22-x64/lib -L.      -lx64-msvcrt-ruby220  -lshell32 -lws2_32 -liphlpapi -limagehlp -lshlwapi  "
conftest.c: In function 't':
conftest.c:16:1: warning: implicit declaration of function 'rb_os_allocated_objects' [-Wimplicit-function-declaration]
C:\Users\tthomas2\AppData\Local\Temp\ccv8AznH.o: In function `t':
C:\Ruby22-x64\lib\ruby\gems\2.2.0\gems\ruby-prof-0.16.2\ext\ruby_prof/conftest.c:16: undefined reference to `rb_os_allocated_objects'
collect2.exe: error: ld returned 1 exit status
checked program was:
/* begin */
 1: #include "ruby.h"
 2: 
 3: #include <winsock2.h>
 4: #include <windows.h>
 5: 
 6: /*top*/
 7: extern int t(void);
 8: int main(int argc, char **argv)
 9: {
10:   if (argc > 1000000) {
11:     printf("%p", &t);
12:   }
13: 
14:   return 0;
15: }
16: int t(void) { rb_os_allocated_objects(); return 0; }
/* end */

--------------------

have_func: checking for rb_gc_allocated_size()... -------------------- no

"x86_64-w64-mingw32-gcc -o conftest.exe -IC:/Ruby22-x64/include/ruby-2.2.0/x64-mingw32 -IC:/Ruby22-x64/include/ruby-2.2.0/ruby/backward -IC:/Ruby22-x64/include/ruby-2.2.0 -I. -DFD_SETSIZE=2048 -D_WIN32_WINNT=0x0501 -D__MINGW_USE_VC2005_COMPAT -D_FILE_OFFSET_BITS=64   -O3 -fno-omit-frame-pointer -fno-fast-math -g -Wall -Wextra -Wno-unused-parameter -Wno-parentheses -Wno-long-long -Wno-missing-field-initializers -Wunused-variable -Wpointer-arith -Wwrite-strings -Wdeclaration-after-statement -Wimplicit-function-declaration -Wdeprecated-declarations -Wno-packed-bitfield-compat conftest.c  -L. -LC:/Ruby22-x64/lib -L.      -lx64-msvcrt-ruby220  -lshell32 -lws2_32 -liphlpapi -limagehlp -lshlwapi  "
conftest.c: In function 't':
conftest.c:16:57: error: 'rb_gc_allocated_size' undeclared (first use in this function)
conftest.c:16:57: note: each undeclared identifier is reported only once for each function it appears in
conftest.c:16:32: warning: variable 'p' set but not used [-Wunused-but-set-variable]
checked program was:
/* begin */
 1: #include "ruby.h"
 2: 
 3: #include <winsock2.h>
 4: #include <windows.h>
 5: 
 6: /*top*/
 7: extern int t(void);
 8: int main(int argc, char **argv)
 9: {
10:   if (argc > 1000000) {
11:     printf("%p", &t);
12:   }
13: 
14:   return 0;
15: }
16: int t(void) { void ((*volatile p)()); p = (void ((*)()))rb_gc_allocated_size; return 0; }
/* end */

"x86_64-w64-mingw32-gcc -o conftest.exe -IC:/Ruby22-x64/include/ruby-2.2.0/x64-mingw32 -IC:/Ruby22-x64/include/ruby-2.2.0/ruby/backward -IC:/Ruby22-x64/include/ruby-2.2.0 -I. -DFD_SETSIZE=2048 -D_WIN32_WINNT=0x0501 -D__MINGW_USE_VC2005_COMPAT -D_FILE_OFFSET_BITS=64   -O3 -fno-omit-frame-pointer -fno-fast-math -g -Wall -Wextra -Wno-unused-parameter -Wno-parentheses -Wno-long-long -Wno-missing-field-initializers -Wunused-variable -Wpointer-arith -Wwrite-strings -Wdeclaration-after-statement -Wimplicit-function-declaration -Wdeprecated-declarations -Wno-packed-bitfield-compat conftest.c  -L. -LC:/Ruby22-x64/lib -L.      -lx64-msvcrt-ruby220  -lshell32 -lws2_32 -liphlpapi -limagehlp -lshlwapi  "
conftest.c: In function 't':
conftest.c:16:1: warning: implicit declaration of function 'rb_gc_allocated_size' [-Wimplicit-function-declaration]
C:\Users\tthomas2\AppData\Local\Temp\cc6viox9.o: In function `t':
C:\Ruby22-x64\lib\ruby\gems\2.2.0\gems\ruby-prof-0.16.2\ext\ruby_prof/conftest.c:16: undefined reference to `rb_gc_allocated_size'
collect2.exe: error: ld returned 1 exit status
checked program was:
/* begin */
 1: #include "ruby.h"
 2: 
 3: #include <winsock2.h>
 4: #include <windows.h>
 5: 
 6: /*top*/
 7: extern int t(void);
 8: int main(int argc, char **argv)
 9: {
10:   if (argc > 1000000) {
11:     printf("%p", &t);
12:   }
13: 
14:   return 0;
15: }
16: int t(void) { rb_gc_allocated_size(); return 0; }
/* end */

--------------------

have_func: checking for rb_gc_collections()... -------------------- no

"x86_64-w64-mingw32-gcc -o conftest.exe -IC:/Ruby22-x64/include/ruby-2.2.0/x64-mingw32 -IC:/Ruby22-x64/include/ruby-2.2.0/ruby/backward -IC:/Ruby22-x64/include/ruby-2.2.0 -I. -DFD_SETSIZE=2048 -D_WIN32_WINNT=0x0501 -D__MINGW_USE_VC2005_COMPAT -D_FILE_OFFSET_BITS=64   -O3 -fno-omit-frame-pointer -fno-fast-math -g -Wall -Wextra -Wno-unused-parameter -Wno-parentheses -Wno-long-long -Wno-missing-field-initializers -Wunused-variable -Wpointer-arith -Wwrite-strings -Wdeclaration-after-statement -Wimplicit-function-declaration -Wdeprecated-declarations -Wno-packed-bitfield-compat conftest.c  -L. -LC:/Ruby22-x64/lib -L.      -lx64-msvcrt-ruby220  -lshell32 -lws2_32 -liphlpapi -limagehlp -lshlwapi  "
conftest.c: In function 't':
conftest.c:16:57: error: 'rb_gc_collections' undeclared (first use in this function)
conftest.c:16:57: note: each undeclared identifier is reported only once for each function it appears in
conftest.c:16:32: warning: variable 'p' set but not used [-Wunused-but-set-variable]
checked program was:
/* begin */
 1: #include "ruby.h"
 2: 
 3: #include <winsock2.h>
 4: #include <windows.h>
 5: 
 6: /*top*/
 7: extern int t(void);
 8: int main(int argc, char **argv)
 9: {
10:   if (argc > 1000000) {
11:     printf("%p", &t);
12:   }
13: 
14:   return 0;
15: }
16: int t(void) { void ((*volatile p)()); p = (void ((*)()))rb_gc_collections; return 0; }
/* end */

"x86_64-w64-mingw32-gcc -o conftest.exe -IC:/Ruby22-x64/include/ruby-2.2.0/x64-mingw32 -IC:/Ruby22-x64/include/ruby-2.2.0/ruby/backward -IC:/Ruby22-x64/include/ruby-2.2.0 -I. -DFD_SETSIZE=2048 -D_WIN32_WINNT=0x0501 -D__MINGW_USE_VC2005_COMPAT -D_FILE_OFFSET_BITS=64   -O3 -fno-omit-frame-pointer -fno-fast-math -g -Wall -Wextra -Wno-unused-parameter -Wno-parentheses -Wno-long-long -Wno-missing-field-initializers -Wunused-variable -Wpointer-arith -Wwrite-strings -Wdeclaration-after-statement -Wimplicit-function-declaration -Wdeprecated-declarations -Wno-packed-bitfield-compat conftest.c  -L. -LC:/Ruby22-x64/lib -L.      -lx64-msvcrt-ruby220  -lshell32 -lws2_32 -liphlpapi -limagehlp -lshlwapi  "
conftest.c: In function 't':
conftest.c:16:1: warning: implicit declaration of function 'rb_gc_collections' [-Wimplicit-function-declaration]
C:\Users\tthomas2\AppData\Local\Temp\cc0HiH5M.o: In function `t':
C:\Ruby22-x64\lib\ruby\gems\2.2.0\gems\ruby-prof-0.16.2\ext\ruby_prof/conftest.c:16: undefined reference to `rb_gc_collections'
collect2.exe: error: ld returned 1 exit status
checked program was:
/* begin */
 1: #include "ruby.h"
 2: 
 3: #include <winsock2.h>
 4: #include <windows.h>
 5: 
 6: /*top*/
 7: extern int t(void);
 8: int main(int argc, char **argv)
 9: {
10:   if (argc > 1000000) {
11:     printf("%p", &t);
12:   }
13: 
14:   return 0;
15: }
16: int t(void) { rb_gc_collections(); return 0; }
/* end */

--------------------

have_func: checking for rb_gc_time()... -------------------- no

"x86_64-w64-mingw32-gcc -o conftest.exe -IC:/Ruby22-x64/include/ruby-2.2.0/x64-mingw32 -IC:/Ruby22-x64/include/ruby-2.2.0/ruby/backward -IC:/Ruby22-x64/include/ruby-2.2.0 -I. -DFD_SETSIZE=2048 -D_WIN32_WINNT=0x0501 -D__MINGW_USE_VC2005_COMPAT -D_FILE_OFFSET_BITS=64   -O3 -fno-omit-frame-pointer -fno-fast-math -g -Wall -Wextra -Wno-unused-parameter -Wno-parentheses -Wno-long-long -Wno-missing-field-initializers -Wunused-variable -Wpointer-arith -Wwrite-strings -Wdeclaration-after-statement -Wimplicit-function-declaration -Wdeprecated-declarations -Wno-packed-bitfield-compat conftest.c  -L. -LC:/Ruby22-x64/lib -L.      -lx64-msvcrt-ruby220  -lshell32 -lws2_32 -liphlpapi -limagehlp -lshlwapi  "
conftest.c: In function 't':
conftest.c:16:57: error: 'rb_gc_time' undeclared (first use in this function)
conftest.c:16:57: note: each undeclared identifier is reported only once for each function it appears in
conftest.c:16:32: warning: variable 'p' set but not used [-Wunused-but-set-variable]
checked program was:
/* begin */
 1: #include "ruby.h"
 2: 
 3: #include <winsock2.h>
 4: #include <windows.h>
 5: 
 6: /*top*/
 7: extern int t(void);
 8: int main(int argc, char **argv)
 9: {
10:   if (argc > 1000000) {
11:     printf("%p", &t);
12:   }
13: 
14:   return 0;
15: }
16: int t(void) { void ((*volatile p)()); p = (void ((*)()))rb_gc_time; return 0; }
/* end */

"x86_64-w64-mingw32-gcc -o conftest.exe -IC:/Ruby22-x64/include/ruby-2.2.0/x64-mingw32 -IC:/Ruby22-x64/include/ruby-2.2.0/ruby/backward -IC:/Ruby22-x64/include/ruby-2.2.0 -I. -DFD_SETSIZE=2048 -D_WIN32_WINNT=0x0501 -D__MINGW_USE_VC2005_COMPAT -D_FILE_OFFSET_BITS=64   -O3 -fno-omit-frame-pointer -fno-fast-math -g -Wall -Wextra -Wno-unused-parameter -Wno-parentheses -Wno-long-long -Wno-missing-field-initializers -Wunused-variable -Wpointer-arith -Wwrite-strings -Wdeclaration-after-statement -Wimplicit-function-declaration -Wdeprecated-declarations -Wno-packed-bitfield-compat conftest.c  -L. -LC:/Ruby22-x64/lib -L.      -lx64-msvcrt-ruby220  -lshell32 -lws2_32 -liphlpapi -limagehlp -lshlwapi  "
conftest.c: In function 't':
conftest.c:16:1: warning: implicit declaration of function 'rb_gc_time' [-Wimplicit-function-declaration]
C:\Users\tthomas2\AppData\Local\Temp\ccdHPe1k.o: In function `t':
C:\Ruby22-x64\lib\ruby\gems\2.2.0\gems\ruby-prof-0.16.2\ext\ruby_prof/conftest.c:16: undefined reference to `rb_gc_time'
collect2.exe: error: ld returned 1 exit status
checked program was:
/* begin */
 1: #include "ruby.h"
 2: 
 3: #include <winsock2.h>
 4: #include <windows.h>
 5: 
 6: /*top*/
 7: extern int t(void);
 8: int main(int argc, char **argv)
 9: {
10:   if (argc > 1000000) {
11:     printf("%p", &t);
12:   }
13: 
14:   return 0;
15: }
16: int t(void) { rb_gc_time(); return 0; }
/* end */

--------------------

have_func: checking for rb_gc_total_time()... -------------------- no

"x86_64-w64-mingw32-gcc -o conftest.exe -IC:/Ruby22-x64/include/ruby-2.2.0/x64-mingw32 -IC:/Ruby22-x64/include/ruby-2.2.0/ruby/backward -IC:/Ruby22-x64/include/ruby-2.2.0 -I. -DFD_SETSIZE=2048 -D_WIN32_WINNT=0x0501 -D__MINGW_USE_VC2005_COMPAT -D_FILE_OFFSET_BITS=64   -O3 -fno-omit-frame-pointer -fno-fast-math -g -Wall -Wextra -Wno-unused-parameter -Wno-parentheses -Wno-long-long -Wno-missing-field-initializers -Wunused-variable -Wpointer-arith -Wwrite-strings -Wdeclaration-after-statement -Wimplicit-function-declaration -Wdeprecated-declarations -Wno-packed-bitfield-compat conftest.c  -L. -LC:/Ruby22-x64/lib -L.      -lx64-msvcrt-ruby220  -lshell32 -lws2_32 -liphlpapi -limagehlp -lshlwapi  "
conftest.c: In function 't':
conftest.c:16:57: error: 'rb_gc_total_time' undeclared (first use in this function)
conftest.c:16:57: note: each undeclared identifier is reported only once for each function it appears in
conftest.c:16:32: warning: variable 'p' set but not used [-Wunused-but-set-variable]
checked program was:
/* begin */
 1: #include "ruby.h"
 2: 
 3: #include <winsock2.h>
 4: #include <windows.h>
 5: 
 6: /*top*/
 7: extern int t(void);
 8: int main(int argc, char **argv)
 9: {
10:   if (argc > 1000000) {
11:     printf("%p", &t);
12:   }
13: 
14:   return 0;
15: }
16: int t(void) { void ((*volatile p)()); p = (void ((*)()))rb_gc_total_time; return 0; }
/* end */

"x86_64-w64-mingw32-gcc -o conftest.exe -IC:/Ruby22-x64/include/ruby-2.2.0/x64-mingw32 -IC:/Ruby22-x64/include/ruby-2.2.0/ruby/backward -IC:/Ruby22-x64/include/ruby-2.2.0 -I. -DFD_SETSIZE=2048 -D_WIN32_WINNT=0x0501 -D__MINGW_USE_VC2005_COMPAT -D_FILE_OFFSET_BITS=64   -O3 -fno-omit-frame-pointer -fno-fast-math -g -Wall -Wextra -Wno-unused-parameter -Wno-parentheses -Wno-long-long -Wno-missing-field-initializers -Wunused-variable -Wpointer-arith -Wwrite-strings -Wdeclaration-after-statement -Wimplicit-function-declaration -Wdeprecated-declarations -Wno-packed-bitfield-compat conftest.c  -L. -LC:/Ruby22-x64/lib -L.      -lx64-msvcrt-ruby220  -lshell32 -lws2_32 -liphlpapi -limagehlp -lshlwapi  "
conftest.c: In function 't':
conftest.c:16:1: warning: implicit declaration of function 'rb_gc_total_time' [-Wimplicit-function-declaration]
C:\Users\tthomas2\AppData\Local\Temp\ccc18mNT.o: In function `t':
C:\Ruby22-x64\lib\ruby\gems\2.2.0\gems\ruby-prof-0.16.2\ext\ruby_prof/conftest.c:16: undefined reference to `rb_gc_total_time'
collect2.exe: error: ld returned 1 exit status
checked program was:
/* begin */
 1: #include "ruby.h"
 2: 
 3: #include <winsock2.h>
 4: #include <windows.h>
 5: 
 6: /*top*/
 7: extern int t(void);
 8: int main(int argc, char **argv)
 9: {
10:   if (argc > 1000000) {
11:     printf("%p", &t);
12:   }
13: 
14:   return 0;
15: }
16: int t(void) { rb_gc_total_time(); return 0; }
/* end */

--------------------

have_func: checking for rb_gc_total_mallocs()... -------------------- no

"x86_64-w64-mingw32-gcc -o conftest.exe -IC:/Ruby22-x64/include/ruby-2.2.0/x64-mingw32 -IC:/Ruby22-x64/include/ruby-2.2.0/ruby/backward -IC:/Ruby22-x64/include/ruby-2.2.0 -I. -DFD_SETSIZE=2048 -D_WIN32_WINNT=0x0501 -D__MINGW_USE_VC2005_COMPAT -D_FILE_OFFSET_BITS=64   -O3 -fno-omit-frame-pointer -fno-fast-math -g -Wall -Wextra -Wno-unused-parameter -Wno-parentheses -Wno-long-long -Wno-missing-field-initializers -Wunused-variable -Wpointer-arith -Wwrite-strings -Wdeclaration-after-statement -Wimplicit-function-declaration -Wdeprecated-declarations -Wno-packed-bitfield-compat conftest.c  -L. -LC:/Ruby22-x64/lib -L.      -lx64-msvcrt-ruby220  -lshell32 -lws2_32 -liphlpapi -limagehlp -lshlwapi  "
conftest.c: In function 't':
conftest.c:16:57: error: 'rb_gc_total_mallocs' undeclared (first use in this function)
conftest.c:16:57: note: each undeclared identifier is reported only once for each function it appears in
conftest.c:16:32: warning: variable 'p' set but not used [-Wunused-but-set-variable]
checked program was:
/* begin */
 1: #include "ruby.h"
 2: 
 3: #include <winsock2.h>
 4: #include <windows.h>
 5: 
 6: /*top*/
 7: extern int t(void);
 8: int main(int argc, char **argv)
 9: {
10:   if (argc > 1000000) {
11:     printf("%p", &t);
12:   }
13: 
14:   return 0;
15: }
16: int t(void) { void ((*volatile p)()); p = (void ((*)()))rb_gc_total_mallocs; return 0; }
/* end */

"x86_64-w64-mingw32-gcc -o conftest.exe -IC:/Ruby22-x64/include/ruby-2.2.0/x64-mingw32 -IC:/Ruby22-x64/include/ruby-2.2.0/ruby/backward -IC:/Ruby22-x64/include/ruby-2.2.0 -I. -DFD_SETSIZE=2048 -D_WIN32_WINNT=0x0501 -D__MINGW_USE_VC2005_COMPAT -D_FILE_OFFSET_BITS=64   -O3 -fno-omit-frame-pointer -fno-fast-math -g -Wall -Wextra -Wno-unused-parameter -Wno-parentheses -Wno-long-long -Wno-missing-field-initializers -Wunused-variable -Wpointer-arith -Wwrite-strings -Wdeclaration-after-statement -Wimplicit-function-declaration -Wdeprecated-declarations -Wno-packed-bitfield-compat conftest.c  -L. -LC:/Ruby22-x64/lib -L.      -lx64-msvcrt-ruby220  -lshell32 -lws2_32 -liphlpapi -limagehlp -lshlwapi  "
conftest.c: In function 't':
conftest.c:16:1: warning: implicit declaration of function 'rb_gc_total_mallocs' [-Wimplicit-function-declaration]
C:\Users\tthomas2\AppData\Local\Temp\ccWz3gtO.o: In function `t':
C:\Ruby22-x64\lib\ruby\gems\2.2.0\gems\ruby-prof-0.16.2\ext\ruby_prof/conftest.c:16: undefined reference to `rb_gc_total_mallocs'
collect2.exe: error: ld returned 1 exit status
checked program was:
/* begin */
 1: #include "ruby.h"
 2: 
 3: #include <winsock2.h>
 4: #include <windows.h>
 5: 
 6: /*top*/
 7: extern int t(void);
 8: int main(int argc, char **argv)
 9: {
10:   if (argc > 1000000) {
11:     printf("%p", &t);
12:   }
13: 
14:   return 0;
15: }
16: int t(void) { rb_gc_total_mallocs(); return 0; }
/* end */

--------------------

have_func: checking for rb_gc_total_malloced_bytes()... -------------------- no

"x86_64-w64-mingw32-gcc -o conftest.exe -IC:/Ruby22-x64/include/ruby-2.2.0/x64-mingw32 -IC:/Ruby22-x64/include/ruby-2.2.0/ruby/backward -IC:/Ruby22-x64/include/ruby-2.2.0 -I. -DFD_SETSIZE=2048 -D_WIN32_WINNT=0x0501 -D__MINGW_USE_VC2005_COMPAT -D_FILE_OFFSET_BITS=64   -O3 -fno-omit-frame-pointer -fno-fast-math -g -Wall -Wextra -Wno-unused-parameter -Wno-parentheses -Wno-long-long -Wno-missing-field-initializers -Wunused-variable -Wpointer-arith -Wwrite-strings -Wdeclaration-after-statement -Wimplicit-function-declaration -Wdeprecated-declarations -Wno-packed-bitfield-compat conftest.c  -L. -LC:/Ruby22-x64/lib -L.      -lx64-msvcrt-ruby220  -lshell32 -lws2_32 -liphlpapi -limagehlp -lshlwapi  "
conftest.c: In function 't':
conftest.c:16:57: error: 'rb_gc_total_malloced_bytes' undeclared (first use in this function)
conftest.c:16:57: note: each undeclared identifier is reported only once for each function it appears in
conftest.c:16:32: warning: variable 'p' set but not used [-Wunused-but-set-variable]
checked program was:
/* begin */
 1: #include "ruby.h"
 2: 
 3: #include <winsock2.h>
 4: #include <windows.h>
 5: 
 6: /*top*/
 7: extern int t(void);
 8: int main(int argc, char **argv)
 9: {
10:   if (argc > 1000000) {
11:     printf("%p", &t);
12:   }
13: 
14:   return 0;
15: }
16: int t(void) { void ((*volatile p)()); p = (void ((*)()))rb_gc_total_malloced_bytes; return 0; }
/* end */

"x86_64-w64-mingw32-gcc -o conftest.exe -IC:/Ruby22-x64/include/ruby-2.2.0/x64-mingw32 -IC:/Ruby22-x64/include/ruby-2.2.0/ruby/backward -IC:/Ruby22-x64/include/ruby-2.2.0 -I. -DFD_SETSIZE=2048 -D_WIN32_WINNT=0x0501 -D__MINGW_USE_VC2005_COMPAT -D_FILE_OFFSET_BITS=64   -O3 -fno-omit-frame-pointer -fno-fast-math -g -Wall -Wextra -Wno-unused-parameter -Wno-parentheses -Wno-long-long -Wno-missing-field-initializers -Wunused-variable -Wpointer-arith -Wwrite-strings -Wdeclaration-after-statement -Wimplicit-function-declaration -Wdeprecated-declarations -Wno-packed-bitfield-compat conftest.c  -L. -LC:/Ruby22-x64/lib -L.      -lx64-msvcrt-ruby220  -lshell32 -lws2_32 -liphlpapi -limagehlp -lshlwapi  "
conftest.c: In function 't':
conftest.c:16:1: warning: implicit declaration of function 'rb_gc_total_malloced_bytes' [-Wimplicit-function-declaration]
C:\Users\tthomas2\AppData\Local\Temp\cc5sCiHz.o: In function `t':
C:\Ruby22-x64\lib\ruby\gems\2.2.0\gems\ruby-prof-0.16.2\ext\ruby_prof/conftest.c:16: undefined reference to `rb_gc_total_malloced_bytes'
collect2.exe: error: ld returned 1 exit status
checked program was:
/* begin */
 1: #include "ruby.h"
 2: 
 3: #include <winsock2.h>
 4: #include <windows.h>
 5: 
 6: /*top*/
 7: extern int t(void);
 8: int main(int argc, char **argv)
 9: {
10:   if (argc > 1000000) {
11:     printf("%p", &t);
12:   }
13: 
14:   return 0;
15: }
16: int t(void) { rb_gc_total_malloced_bytes(); return 0; }
/* end */

--------------------

have_func: checking for rb_heap_total_mem()... -------------------- no

"x86_64-w64-mingw32-gcc -o conftest.exe -IC:/Ruby22-x64/include/ruby-2.2.0/x64-mingw32 -IC:/Ruby22-x64/include/ruby-2.2.0/ruby/backward -IC:/Ruby22-x64/include/ruby-2.2.0 -I. -DFD_SETSIZE=2048 -D_WIN32_WINNT=0x0501 -D__MINGW_USE_VC2005_COMPAT -D_FILE_OFFSET_BITS=64   -O3 -fno-omit-frame-pointer -fno-fast-math -g -Wall -Wextra -Wno-unused-parameter -Wno-parentheses -Wno-long-long -Wno-missing-field-initializers -Wunused-variable -Wpointer-arith -Wwrite-strings -Wdeclaration-after-statement -Wimplicit-function-declaration -Wdeprecated-declarations -Wno-packed-bitfield-compat conftest.c  -L. -LC:/Ruby22-x64/lib -L.      -lx64-msvcrt-ruby220  -lshell32 -lws2_32 -liphlpapi -limagehlp -lshlwapi  "
conftest.c: In function 't':
conftest.c:16:57: error: 'rb_heap_total_mem' undeclared (first use in this function)
conftest.c:16:57: note: each undeclared identifier is reported only once for each function it appears in
conftest.c:16:32: warning: variable 'p' set but not used [-Wunused-but-set-variable]
checked program was:
/* begin */
 1: #include "ruby.h"
 2: 
 3: #include <winsock2.h>
 4: #include <windows.h>
 5: 
 6: /*top*/
 7: extern int t(void);
 8: int main(int argc, char **argv)
 9: {
10:   if (argc > 1000000) {
11:     printf("%p", &t);
12:   }
13: 
14:   return 0;
15: }
16: int t(void) { void ((*volatile p)()); p = (void ((*)()))rb_heap_total_mem; return 0; }
/* end */

"x86_64-w64-mingw32-gcc -o conftest.exe -IC:/Ruby22-x64/include/ruby-2.2.0/x64-mingw32 -IC:/Ruby22-x64/include/ruby-2.2.0/ruby/backward -IC:/Ruby22-x64/include/ruby-2.2.0 -I. -DFD_SETSIZE=2048 -D_WIN32_WINNT=0x0501 -D__MINGW_USE_VC2005_COMPAT -D_FILE_OFFSET_BITS=64   -O3 -fno-omit-frame-pointer -fno-fast-math -g -Wall -Wextra -Wno-unused-parameter -Wno-parentheses -Wno-long-long -Wno-missing-field-initializers -Wunused-variable -Wpointer-arith -Wwrite-strings -Wdeclaration-after-statement -Wimplicit-function-declaration -Wdeprecated-declarations -Wno-packed-bitfield-compat conftest.c  -L. -LC:/Ruby22-x64/lib -L.      -lx64-msvcrt-ruby220  -lshell32 -lws2_32 -liphlpapi -limagehlp -lshlwapi  "
conftest.c: In function 't':
conftest.c:16:1: warning: implicit declaration of function 'rb_heap_total_mem' [-Wimplicit-function-declaration]
C:\Users\tthomas2\AppData\Local\Temp\cciC8QJG.o: In function `t':
C:\Ruby22-x64\lib\ruby\gems\2.2.0\gems\ruby-prof-0.16.2\ext\ruby_prof/conftest.c:16: undefined reference to `rb_heap_total_mem'
collect2.exe: error: ld returned 1 exit status
checked program was:
/* begin */
 1: #include "ruby.h"
 2: 
 3: #include <winsock2.h>
 4: #include <windows.h>
 5: 
 6: /*top*/
 7: extern int t(void);
 8: int main(int argc, char **argv)
 9: {
10:   if (argc > 1000000) {
11:     printf("%p", &t);
12:   }
13: 
14:   return 0;
15: }
16: int t(void) { rb_heap_total_mem(); return 0; }
/* end */

--------------------

have_func: checking for rb_gc_heap_info()... -------------------- no

"x86_64-w64-mingw32-gcc -o conftest.exe -IC:/Ruby22-x64/include/ruby-2.2.0/x64-mingw32 -IC:/Ruby22-x64/include/ruby-2.2.0/ruby/backward -IC:/Ruby22-x64/include/ruby-2.2.0 -I. -DFD_SETSIZE=2048 -D_WIN32_WINNT=0x0501 -D__MINGW_USE_VC2005_COMPAT -D_FILE_OFFSET_BITS=64   -O3 -fno-omit-frame-pointer -fno-fast-math -g -Wall -Wextra -Wno-unused-parameter -Wno-parentheses -Wno-long-long -Wno-missing-field-initializers -Wunused-variable -Wpointer-arith -Wwrite-strings -Wdeclaration-after-statement -Wimplicit-function-declaration -Wdeprecated-declarations -Wno-packed-bitfield-compat conftest.c  -L. -LC:/Ruby22-x64/lib -L.      -lx64-msvcrt-ruby220  -lshell32 -lws2_32 -liphlpapi -limagehlp -lshlwapi  "
conftest.c: In function 't':
conftest.c:16:57: error: 'rb_gc_heap_info' undeclared (first use in this function)
conftest.c:16:57: note: each undeclared identifier is reported only once for each function it appears in
conftest.c:16:32: warning: variable 'p' set but not used [-Wunused-but-set-variable]
checked program was:
/* begin */
 1: #include "ruby.h"
 2: 
 3: #include <winsock2.h>
 4: #include <windows.h>
 5: 
 6: /*top*/
 7: extern int t(void);
 8: int main(int argc, char **argv)
 9: {
10:   if (argc > 1000000) {
11:     printf("%p", &t);
12:   }
13: 
14:   return 0;
15: }
16: int t(void) { void ((*volatile p)()); p = (void ((*)()))rb_gc_heap_info; return 0; }
/* end */

"x86_64-w64-mingw32-gcc -o conftest.exe -IC:/Ruby22-x64/include/ruby-2.2.0/x64-mingw32 -IC:/Ruby22-x64/include/ruby-2.2.0/ruby/backward -IC:/Ruby22-x64/include/ruby-2.2.0 -I. -DFD_SETSIZE=2048 -D_WIN32_WINNT=0x0501 -D__MINGW_USE_VC2005_COMPAT -D_FILE_OFFSET_BITS=64   -O3 -fno-omit-frame-pointer -fno-fast-math -g -Wall -Wextra -Wno-unused-parameter -Wno-parentheses -Wno-long-long -Wno-missing-field-initializers -Wunused-variable -Wpointer-arith -Wwrite-strings -Wdeclaration-after-statement -Wimplicit-function-declaration -Wdeprecated-declarations -Wno-packed-bitfield-compat conftest.c  -L. -LC:/Ruby22-x64/lib -L.      -lx64-msvcrt-ruby220  -lshell32 -lws2_32 -liphlpapi -limagehlp -lshlwapi  "
conftest.c: In function 't':
conftest.c:16:1: warning: implicit declaration of function 'rb_gc_heap_info' [-Wimplicit-function-declaration]
C:\Users\tthomas2\AppData\Local\Temp\cczT1ags.o: In function `t':
C:\Ruby22-x64\lib\ruby\gems\2.2.0\gems\ruby-prof-0.16.2\ext\ruby_prof/conftest.c:16: undefined reference to `rb_gc_heap_info'
collect2.exe: error: ld returned 1 exit status
checked program was:
/* begin */
 1: #include "ruby.h"
 2: 
 3: #include <winsock2.h>
 4: #include <windows.h>
 5: 
 6: /*top*/
 7: extern int t(void);
 8: int main(int argc, char **argv)
 9: {
10:   if (argc > 1000000) {
11:     printf("%p", &t);
12:   }
13: 
14:   return 0;
15: }
16: int t(void) { rb_gc_heap_info(); return 0; }
/* end */

--------------------

